<?xml version="1.0" encoding="UTF-8"?>
<testsuite xmlns:xsi="http://www.w3.org/2001/XMLSchema-instance" xsi:noNamespaceSchemaLocation="https://maven.apache.org/surefire/maven-surefire-plugin/xsd/surefire-test-report-3.0.xsd" version="3.0" name="TestSuite" time="110.33" tests="3" errors="0" skipped="0" failures="0">
  <properties>
[...]
</properties>
  <testcase name="runScenario[&quot;Display first three hotel details with specific filters&quot;, &quot;Display hotel details with specific filters&quot;](1)" classname="testRunner.TestRunner" time="56.478">
    <system-out><![CDATA[
@smoke @functional
Scenario: Display first three hotel details with specific filters # Features/ahotels.feature:3
  Given user open application with provided url                   # stepDefinitions.Hotels_Steps.user_open_application_with_provided_url()

    Embedding Display first three hotel details with specific filters_Success [image/png 584845 bytes]

  When user click on hotels button and set the location           # stepDefinitions.Hotels_Steps.user_click_on_hotels_button_and_set_the_location()

    Embedding Display first three hotel details with specific filters_Success [image/png 594826 bytes]

  And select the checkin and checkout dates                       # stepDefinitions.Hotels_Steps.select_the_checkin_and_checkout_dates()

    Embedding Display first three hotel details with specific filters_Success [image/png 600499 bytes]

  And set the traveller count                                     # stepDefinitions.Hotels_Steps.set_the_traveller_count()

    Embedding Display first three hotel details with specific filters_Success [image/png 576777 bytes]

  And click on search hotels button                               # stepDefinitions.Hotels_Steps.click_on_search_hotels_button()

    Embedding Display first three hotel details with specific filters_Success [image/png 56137 bytes]

list of hotels are displayed
  Then list of hotels will be displayed                           # stepDefinitions.Hotels_Steps.list_of_hotels_will_be_displayed()

    Embedding Display first three hotel details with specific filters_Success [image/png 151545 bytes]

  When user sort the list with highest user rating                # stepDefinitions.Hotels_Steps.user_sort_the_list_with_highest_user_rating()

    Embedding Display first three hotel details with specific filters_Success [image/png 161372 bytes]

  And select  free wifi and free breakfast filters                # stepDefinitions.Hotels_Steps.select_free_wifi_and_free_breakfast_filters()

    Embedding Display first three hotel details with specific filters_Success [image/png 272859 bytes]

  And select laundry  and swimming pool filters under amenities   # stepDefinitions.Hotels_Steps.select_laundry_and_swimming_pool_filters_under_amenities()

    Embedding Display first three hotel details with specific filters_Success [image/png 437238 bytes]

Hotels :
1)Hotel name: Planet Hollywood Beach Resort Goa -   Price: 3,95,000
2)Hotel name: Blue Marine Resort -   Price: 12,570
3)Hotel name: De Mandarin Beach Resort Suites and Villas -   Price: 64,284
  Then collect the hotel details that are filtered                # stepDefinitions.Hotels_Steps.collect_the_hotel_details_that_are_filtered()

    Embedding Display first three hotel details with specific filters_Success [image/png 553813 bytes]

  And Store the details in excel sheet                            # stepDefinitions.Hotels_Steps.store_the_details_in_excel_sheet()

    Embedding Display first three hotel details with specific filters_Success [image/png 553813 bytes]

]]></system-out>
    <system-err><![CDATA[SLF4J: Failed to load class "org.slf4j.impl.StaticLoggerBinder".
SLF4J: Defaulting to no-operation (NOP) logger implementation
SLF4J: See http://www.slf4j.org/codes.html#StaticLoggerBinder for further details.
]]></system-err>
  </testcase>
  <testcase name="runScenario[&quot;getting inclusion points from the cruise line&quot;, &quot;cruise line&quot;](2)" classname="testRunner.TestRunner" time="15.05">
    <system-out><![CDATA[
@smoke
Scenario: getting inclusion points from the cruise line # Features/cruise.feature:3
  Given user in home page                               # stepDefinitions.Cruise_Steps.user_in_home_page()

    Embedding getting inclusion points from the cruise line_Success [image/png 584810 bytes]

  When user click on more button                        # stepDefinitions.Cruise_Steps.user_click_on_more_button()

    Embedding getting inclusion points from the cruise line_Success [image/png 507978 bytes]

  And click on cruise                                   # stepDefinitions.Cruise_Steps.click_on_cruise()

    Embedding getting inclusion points from the cruise line_Success [image/png 492893 bytes]

  And select first cruise line                          # stepDefinitions.Cruise_Steps.select_first_cruise_line()

    Embedding getting inclusion points from the cruise line_Success [image/png 257779 bytes]

cruise line displayed
  Then cruise line details will be displayed            # stepDefinitions.Cruise_Steps.cruise_line_details_will_be_displayed()

    Embedding getting inclusion points from the cruise line_Success [image/png 257779 bytes]

Inclusions :
1.2 Nights Cruise Accommodation
2.Meals (as specified in the itinerary)
3.Onboard Entertainment & Activities.(Some onboard activities and entertainment are chargeable)
  And get the inclusion points and display in console   # stepDefinitions.Cruise_Steps.get_the_inclusion_points_and_display_in_console()

    Embedding getting inclusion points from the cruise line_Success [image/png 409506 bytes]

points stored in excel sheet
  And store inclusion points in excel sheet             # stepDefinitions.Cruise_Steps.store_inclusion_points_in_excel_sheet()

    Embedding getting inclusion points from the cruise line_Success [image/png 407033 bytes]

]]></system-out>
  </testcase>
  <testcase name="runScenario[&quot;capturing error message by providing invalid details&quot;, &quot;getting error messages by providing invalid details&quot;](3)" classname="testRunner.TestRunner" time="19.636">
    <system-out><![CDATA[
@smoke @regression
Scenario: capturing error message by providing invalid details     # Features/gift_voucher.feature:3
  Given user in gift voucher page                                  # stepDefinitions.Gift_Voucher_Steps.user_in_gift_voucher_page()

    Embedding capturing error message by providing invalid details_Success [image/png 255188 bytes]

  When user fill corparate quieries form with invalid phone number # stepDefinitions.Gift_Voucher_Steps.user_fill_corparate_quieries_form_with_invalid_phone_number()

    Embedding capturing error message by providing invalid details_Success [image/png 67488 bytes]

Error message :Please enter mobile number
  Then get the error message and store it in excel sheet           # stepDefinitions.Gift_Voucher_Steps.get_the_error_message_and_store_it_in_excel_sheet()

    Embedding capturing error message by providing invalid details_Success [image/png 68054 bytes]

  When user fill corparate quieries form with invalid email id     # stepDefinitions.Gift_Voucher_Steps.user_fill_corparate_quieries_form_with_invalid_email_id()

    Embedding capturing error message by providing invalid details_Success [image/png 70615 bytes]

Error message :Please enter a valid email id.
  Then get the error message and store it in excel sheet           # stepDefinitions.Gift_Voucher_Steps.get_the_error_message_and_store_it_in_excel_sheet()

    Embedding capturing error message by providing invalid details_Success [image/png 69129 bytes]

]]></system-out>
  </testcase>
</testsuite>