<?xml version="1.0" encoding="UTF-8"?>
<testng-results ignored="0" total="3" passed="3" failed="0" skipped="0">
  <reporter-output>
  </reporter-output>
  <suite started-at="2024-04-18T15:33:15 IST" name="Suite" finished-at="2024-04-18T15:35:11 IST" duration-ms="115815">
    <groups>
      <group name="cucumber">
        <method signature="AbstractTestNGCucumberTests.runScenario(io.cucumber.testng.PickleWrapper,io.cucumber.testng.FeatureWrapper)[pri:0, instance:testRunner.TestRunner@1c1bbc4e]" name="runScenario" class="io.cucumber.testng.AbstractTestNGCucumberTests"/>
      </group> <!-- cucumber -->
    </groups>
    <test started-at="2024-04-18T15:33:15 IST" name="Caluate trip cost" finished-at="2024-04-18T15:35:11 IST" duration-ms="115815">
      <class name="testRunner.TestRunner">
        <test-method is-config="true" signature="setUpClass(org.testng.ITestContext)[pri:0, instance:testRunner.TestRunner@1c1bbc4e]" started-at="2024-04-18T15:33:15 IST" name="setUpClass" finished-at="2024-04-18T15:33:17 IST" duration-ms="1212" status="PASS">
          <params>
            <param index="0">
              <value>
                <![CDATA[org.testng.TestRunner@72e36677]]>
              </value>
            </param>
          </params>
          <reporter-output>
          </reporter-output>
        </test-method> <!-- setUpClass -->
        <test-method signature="runScenario(io.cucumber.testng.PickleWrapper,io.cucumber.testng.FeatureWrapper)[pri:0, instance:testRunner.TestRunner@1c1bbc4e]" started-at="2024-04-18T15:33:17 IST" name="runScenario" description="Runs Cucumber Scenarios" data-provider="scenarios" finished-at="2024-04-18T15:34:04 IST" duration-ms="47600" status="PASS">
          <params>
            <param index="0">
              <value>
                <![CDATA["Display first three hotel details with specific filters"]]>
              </value>
            </param>
            <param index="1">
              <value>
                <![CDATA["Display hotel details with specific filters"]]>
              </value>
            </param>
          </params>
          <reporter-output>
          </reporter-output>
        </test-method> <!-- runScenario -->
        <test-method signature="runScenario(io.cucumber.testng.PickleWrapper,io.cucumber.testng.FeatureWrapper)[pri:0, instance:testRunner.TestRunner@1c1bbc4e]" started-at="2024-04-18T15:34:04 IST" name="runScenario" description="Runs Cucumber Scenarios" data-provider="scenarios" finished-at="2024-04-18T15:34:23 IST" duration-ms="18885" status="PASS">
          <params>
            <param index="0">
              <value>
                <![CDATA["getting inclusion points from the cruise line"]]>
              </value>
            </param>
            <param index="1">
              <value>
                <![CDATA["cruise line"]]>
              </value>
            </param>
          </params>
          <reporter-output>
          </reporter-output>
        </test-method> <!-- runScenario -->
        <test-method signature="runScenario(io.cucumber.testng.PickleWrapper,io.cucumber.testng.FeatureWrapper)[pri:0, instance:testRunner.TestRunner@1c1bbc4e]" started-at="2024-04-18T15:34:23 IST" name="runScenario" description="Runs Cucumber Scenarios" data-provider="scenarios" finished-at="2024-04-18T15:34:47 IST" duration-ms="23899" status="PASS">
          <params>
            <param index="0">
              <value>
                <![CDATA["capturing error message by providing invalid details"]]>
              </value>
            </param>
            <param index="1">
              <value>
                <![CDATA["getting error messages by providing invalid details"]]>
              </value>
            </param>
          </params>
          <reporter-output>
          </reporter-output>
        </test-method> <!-- runScenario -->
        <test-method is-config="true" signature="tearDownClass()[pri:0, instance:testRunner.TestRunner@1c1bbc4e]" started-at="2024-04-18T15:34:47 IST" name="tearDownClass" finished-at="2024-04-18T15:35:11 IST" duration-ms="24146" status="PASS">
          <reporter-output>
          </reporter-output>
        </test-method> <!-- tearDownClass -->
      </class> <!-- testRunner.TestRunner -->
    </test> <!-- Caluate trip cost -->
  </suite> <!-- Suite -->
</testng-results>
